<?xml version="1.0" encoding="UTF-8"?>
<testsuite xmlns:xsi="http://www.w3.org/2001/XMLSchema-instance" xsi:noNamespaceSchemaLocation="https://maven.apache.org/surefire/maven-surefire-plugin/xsd/surefire-test-report-3.0.xsd" version="3.0" name="com.nt.test.TestBankLoanService" time="0.066" tests="3" errors="0" skipped="0" failures="0">
  <properties>
[...]
</properties>
  <testcase name="testcalcSimpleIntrestAmountForNoExceptions" classname="com.nt.test.TestBankLoanService" time="0.021">
    <system-out><![CDATA[TestBankLoanService.setUpOnce()
TestBankLoanService.testcalcSimpleIntrestAmountForNoExceptions()
]]></system-out>
  </testcase>
  <testcase name="testcalcSimpleIntrestAmountWithBiglNumbers" classname="com.nt.test.TestBankLoanService" time="0.002">
    <system-out><![CDATA[TestBankLoanService.testcalcSimpleIntrestAmountWithBiglNumbers()
]]></system-out>
  </testcase>
  <testcase name="testcalcSimpleIntrestAmountWithInvalidInputs" classname="com.nt.test.TestBankLoanService" time="0.002">
    <system-out><![CDATA[TestBankLoanService.testcalcSimpleIntrestAmountWithInvalidInputs()
]]></system-out>
  </testcase>
</testsuite>